[    0.000000] Initializing cgroup subsys cpuset
[    0.000000] Initializing cgroup subsys cpu
[    0.000000] Initializing cgroup subsys cpuacct
[    0.000000] Linux version 4.4.0-210-generic (buildd@lgw01-amd64-009) (gcc version 5.4.0 20160609 (Ubuntu 5.4.0-6ubuntu1~16.04.12) ) #242-Ubuntu SMP Fri Apr 16 09:57:56 UTC 2021 (Ubuntu 4.4.0-210.242-generic 4.4.262)
[    0.000000] Command line: BOOT_IMAGE=/boot/vmlinuz-4.4.0-210-generic root=LABEL=cloudimg-rootfs ro console=tty1 console=ttyS0
[    0.000000] KERNEL supported cpus:
[    0.000000]   Intel GenuineIntel
[    0.000000]   AMD AuthenticAMD
[    0.000000]   Centaur CentaurHauls
[    0.000000] x86/fpu: xstate_offset[2]:  576, xstate_sizes[2]:  256
[    0.000000] x86/fpu: Supporting XSAVE feature 0x01: 'x87 floating point registers'
[    0.000000] x86/fpu: Supporting XSAVE feature 0x02: 'SSE registers'
[    0.000000] x86/fpu: Supporting XSAVE feature 0x04: 'AVX registers'
[    0.000000] x86/fpu: Enabled xstate features 0x7, context size is 832 bytes, using 'standard' format.
[    0.000000] e820: BIOS-provided physical RAM map:
[    0.000000] BIOS-e820: [mem 0x0000000000000000-0x000000000009fbff] usable
[    0.000000] BIOS-e820: [mem 0x000000000009fc00-0x000000000009ffff] reserved
[    0.000000] BIOS-e820: [mem 0x00000000000f0000-0x00000000000fffff] reserved
[    0.000000] BIOS-e820: [mem 0x0000000000100000-0x000000003ffeffff] usable
[    0.000000] BIOS-e820: [mem 0x000000003fff0000-0x000000003fffffff] ACPI data
[    0.000000] BIOS-e820: [mem 0x00000000fec00000-0x00000000fec00fff] reserved
[    0.000000] BIOS-e820: [mem 0x00000000fee00000-0x00000000fee00fff] reserved
[    0.000000] BIOS-e820: [mem 0x00000000fffc0000-0x00000000ffffffff] reserved
[    0.000000] NX (Execute Disable) protection: active
[    0.000000] SMBIOS 2.5 present.
[    0.000000] Hypervisor detected: KVM
[    0.000000] Kernel/User page tables isolation: disabled
[    0.000000] e820: last_pfn = 0x3fff0 max_arch_pfn = 0x400000000
[    0.000000] MTRR: Disabled
[    0.000000] x86/PAT: MTRRs disabled, skipping PAT initialization too.
[    0.000000] CPU MTRRs all blank - virtualized system.
[    0.000000] x86/PAT: Configuration [0-7]: WB  WT  UC- UC  WB  WT  UC- UC  
[    0.000000] found SMP MP-table at [mem 0x0009fff0-0x0009ffff] mapped at [ffff88000009fff0]
[    0.000000] Scanning 1 areas for low memory corruption
[    0.000000] RAMDISK: [mem 0x362dc000-0x37165fff]
[    0.000000] ACPI: Early table checksum verification disabled
[    0.000000] ACPI: RSDP 0x00000000000E0000 000024 (v02 VBOX  )
[    0.000000] ACPI: XSDT 0x000000003FFF0030 00003C (v01 VBOX   VBOXXSDT 00000001 ASL  00000061)
[    0.000000] ACPI: FACP 0x000000003FFF00F0 0000F4 (v04 VBOX   VBOXFACP 00000001 ASL  00000061)
[    0.000000] ACPI: DSDT 0x000000003FFF0610 002353 (v02 VBOX   VBOXBIOS 00000002 INTL 20100528)
[    0.000000] ACPI: FACS 0x000000003FFF0200 000040
[    0.000000] ACPI: FACS 0x000000003FFF0200 000040
[    0.000000] ACPI: APIC 0x000000003FFF0240 00005C (v02 VBOX   VBOXAPIC 00000001 ASL  00000061)
[    0.000000] ACPI: SSDT 0x000000003FFF02A0 00036C (v01 VBOX   VBOXCPUT 00000002 INTL 20100528)
[    0.000000] No NUMA configuration found
[    0.000000] Faking a node at [mem 0x0000000000000000-0x000000003ffeffff]
[    0.000000] NODE_DATA(0) allocated [mem 0x3ffeb000-0x3ffeffff]
[    0.000000] kvm-clock: Using msrs 4b564d01 and 4b564d00
[    0.000000] kvm-clock: cpu 0, msr 0:3ffe3001, primary cpu clock
[    0.000000] kvm-clock: using sched offset of 3001884887 cycles
[    0.000000] clocksource: kvm-clock: mask: 0xffffffffffffffff max_cycles: 0x1cd42e4dffb, max_idle_ns: 881590591483 ns
[    0.000000] Zone ranges:
[    0.000000]   DMA      [mem 0x0000000000001000-0x0000000000ffffff]
[    0.000000]   DMA32    [mem 0x0000000001000000-0x000000003ffeffff]
[    0.000000]   Normal   empty
[    0.000000]   Device   empty
[    0.000000] Movable zone start for each node
[    0.000000] Early memory node ranges
[    0.000000]   node   0: [mem 0x0000000000001000-0x000000000009efff]
[    0.000000]   node   0: [mem 0x0000000000100000-0x000000003ffeffff]
[    0.000000] Initmem setup node 0 [mem 0x0000000000001000-0x000000003ffeffff]
[    0.000000] ACPI: PM-Timer IO Port: 0x4008
[    0.000000] IOAPIC[0]: apic_id 2, version 32, address 0xfec00000, GSI 0-23
[    0.000000] ACPI: INT_SRC_OVR (bus 0 bus_irq 0 global_irq 2 dfl dfl)
[    0.000000] ACPI: INT_SRC_OVR (bus 0 bus_irq 9 global_irq 9 low level)
[    0.000000] Using ACPI (MADT) for SMP configuration information
[    0.000000] smpboot: Allowing 2 CPUs, 0 hotplug CPUs
[    0.000000] PM: Registered nosave memory: [mem 0x00000000-0x00000fff]
[    0.000000] PM: Registered nosave memory: [mem 0x0009f000-0x0009ffff]
[    0.000000] PM: Registered nosave memory: [mem 0x000a0000-0x000effff]
[    0.000000] PM: Registered nosave memory: [mem 0x000f0000-0x000fffff]
[    0.000000] e820: [mem 0x40000000-0xfebfffff] available for PCI devices
[    0.000000] Booting paravirtualized kernel on KVM
[    0.000000] clocksource: refined-jiffies: mask: 0xffffffff max_cycles: 0xffffffff, max_idle_ns: 7645519600211568 ns
[    0.000000] setup_percpu: NR_CPUS:512 nr_cpumask_bits:512 nr_cpu_ids:2 nr_node_ids:1
[    0.000000] PERCPU: Embedded 33 pages/cpu @ffff88003fc00000 s95192 r8192 d31784 u1048576
[    0.000000] Built 1 zonelists in Node order, mobility grouping on.  Total pages: 257912
[    0.000000] Policy zone: DMA32
[    0.000000] Kernel command line: BOOT_IMAGE=/boot/vmlinuz-4.4.0-210-generic root=LABEL=cloudimg-rootfs ro console=tty1 console=ttyS0
[    0.000000] PID hash table entries: 4096 (order: 3, 32768 bytes)
[    0.000000] Memory: 997792K/1048120K available (8644K kernel code, 1332K rwdata, 4044K rodata, 1492K init, 1164K bss, 50328K reserved, 0K cma-reserved)
[    0.000000] SLUB: HWalign=64, Order=0-3, MinObjects=0, CPUs=2, Nodes=1
[    0.000000] Hierarchical RCU implementation.
[    0.000000] 	Build-time adjustment of leaf fanout to 64.
[    0.000000] 	RCU restricting CPUs from NR_CPUS=512 to nr_cpu_ids=2.
[    0.000000] RCU: Adjusting geometry for rcu_fanout_leaf=64, nr_cpu_ids=2
[    0.000000] NR_IRQS:33024 nr_irqs:440 16
[    0.000000] Console: colour VGA+ 80x25
[    0.000000] console [tty1] enabled
[    0.000000] console [ttyS0] enabled
[    0.000000] tsc: Detected 2419.200 MHz processor
[    0.102294] Calibrating delay loop (skipped) preset value.. 4838.40 BogoMIPS (lpj=9676800)
[    0.103458] pid_max: default: 32768 minimum: 301
[    0.104091] ACPI: Core revision 20150930
[    0.105424] ACPI: 2 ACPI AML tables successfully acquired and loaded
[    0.106610] Security Framework initialized
[    0.107189] Yama: becoming mindful.
[    0.107686] AppArmor: AppArmor initialized
[    0.108312] Dentry cache hash table entries: 131072 (order: 8, 1048576 bytes)
[    0.109353] Inode-cache hash table entries: 65536 (order: 7, 524288 bytes)
[    0.112795] Mount-cache hash table entries: 2048 (order: 2, 16384 bytes)
[    0.113875] Mountpoint-cache hash table entries: 2048 (order: 2, 16384 bytes)
[    0.114943] Initializing cgroup subsys io
[    0.115503] Initializing cgroup subsys memory
[    0.116107] Initializing cgroup subsys devices
[    0.116715] Initializing cgroup subsys freezer
[    0.117295] Initializing cgroup subsys net_cls
[    0.117944] Initializing cgroup subsys perf_event
[    0.118693] Initializing cgroup subsys net_prio
[    0.119291] Initializing cgroup subsys hugetlb
[    0.119936] Initializing cgroup subsys pids
[    0.124934] mce: CPU supports 0 MCE banks
[    0.125552] Last level iTLB entries: 4KB 0, 2MB 0, 4MB 0
[    0.126334] Last level dTLB entries: 4KB 0, 2MB 0, 4MB 0, 1GB 0
[    0.127246] Spectre V1 : Mitigation: usercopy/swapgs barriers and __user pointer sanitization
[    0.128596] Spectre V2 : Mitigation: Full generic retpoline
[    0.129364] Spectre V2 : Spectre v2 / SpectreRSB mitigation: Filling RSB on context switch
[    0.130625] Speculative Store Bypass: Vulnerable
[    0.133407] Freeing SMP alternatives memory: 36K
[    0.138778] ftrace: allocating 32380 entries in 127 pages
[    0.190328] smpboot: APIC(0) Converting physical 0 to logical package 0
[    0.191425] smpboot: Max logical packages: 1
[    0.192330] x2apic enabled
[    0.193092] Switched APIC routing to physical x2apic.
[    0.194793] ..TIMER: vector=0x30 apic1=0 pin1=2 apic2=-1 pin2=-1
[    0.303706] smpboot: CPU0: 11th Gen Intel(R) Core(TM) i5-1135G7 @ 2.40GHz (family: 0x6, model: 0x8c, stepping: 0x1)
[    0.305519] Performance Events: unsupported p6 CPU model 140 no PMU driver, software events only.
[    0.314160] KVM setup paravirtual spinlock
[    0.315600] x86: Booting SMP configuration:
[    0.316307] .... node  #0, CPUs:      #1
[    0.317077] kvm-clock: cpu 1, msr 0:3ffe3041, secondary cpu clock
[    0.322150] mce: CPU supports 0 MCE banks
[    0.324543] x86: Booted up 1 node, 2 CPUs
[    0.325398] smpboot: Total of 2 processors activated (9676.80 BogoMIPS)
[    0.326742] devtmpfs: initialized
[    0.328172] evm: security.selinux
[    0.328710] evm: security.SMACK64
[    0.329235] evm: security.SMACK64EXEC
[    0.329785] evm: security.SMACK64TRANSMUTE
[    0.330384] evm: security.SMACK64MMAP
[    0.330946] evm: security.ima
[    0.331514] evm: security.capability
[    0.332258] clocksource: jiffies: mask: 0xffffffff max_cycles: 0xffffffff, max_idle_ns: 7645041785100000 ns
[    0.333611] futex hash table entries: 512 (order: 3, 32768 bytes)
[    0.334605] pinctrl core: initialized pinctrl subsystem
[    0.335432] RTC time: 11:15:49, date: 05/20/24
[    0.338766] NET: Registered protocol family 16
[    0.352530] cpuidle: using governor ladder
[    0.364471] cpuidle: using governor menu
[    0.365133] PCCT header not found.
[    0.365704] ACPI: bus type PCI registered
[    0.366427] acpiphp: ACPI Hot Plug PCI Controller Driver version: 0.5
[    0.367326] PCI: Using configuration type 1 for base access
[    0.380947] ACPI: Added _OSI(Module Device)
[    0.381652] ACPI: Added _OSI(Processor Device)
[    0.382457] ACPI: Added _OSI(3.0 _SCP Extensions)
[    0.383117] ACPI: Added _OSI(Processor Aggregator Device)
[    0.384449] ACPI: Executed 1 blocks of module-level executable AML code
[    0.387047] ACPI: Interpreter enabled
[    0.387615] ACPI: (supports S0 S5)
[    0.388132] ACPI: Using IOAPIC for interrupt routing
[    0.388971] PCI: Using host bridge windows from ACPI; if necessary, use "pci=nocrs" and report a bug
[    0.392777] ACPI: PCI Root Bridge [PCI0] (domain 0000 [bus 00-ff])
[    0.393570] acpi PNP0A03:00: _OSC: OS supports [ASPM ClockPM Segments MSI]
[    0.394738] acpi PNP0A03:00: _OSC: not requesting OS control; OS requires [ExtendedConfig ASPM ClockPM MSI]
[    0.396106] acpi PNP0A03:00: fail to add MMCONFIG information, can't access extended PCI configuration space under this bridge.
[    0.397785] PCI host bridge to bus 0000:00
[    0.398331] pci_bus 0000:00: root bus resource [io  0x0000-0x0cf7 window]
[    0.399124] pci_bus 0000:00: root bus resource [io  0x0d00-0xffff window]
[    0.399931] pci_bus 0000:00: root bus resource [mem 0x000a0000-0x000bffff window]
[    0.400995] pci_bus 0000:00: root bus resource [mem 0x40000000-0xfdffffff window]
[    0.402116] pci_bus 0000:00: root bus resource [bus 00-ff]
[    0.404015] pci 0000:00:01.1: legacy IDE quirk: reg 0x10: [io  0x01f0-0x01f7]
[    0.404912] pci 0000:00:01.1: legacy IDE quirk: reg 0x14: [io  0x03f6]
[    0.405695] pci 0000:00:01.1: legacy IDE quirk: reg 0x18: [io  0x0170-0x0177]
[    0.406574] pci 0000:00:01.1: legacy IDE quirk: reg 0x1c: [io  0x0376]
[    0.417627] pci 0000:00:07.0: quirk: [io  0x4000-0x403f] claimed by PIIX4 ACPI
[    0.425085] pci 0000:00:07.0: quirk: [io  0x4100-0x410f] claimed by PIIX4 SMB
[    0.429914] ACPI: PCI Interrupt Link [LNKA] (IRQs 5 9 10 *11)
[    0.431079] ACPI: PCI Interrupt Link [LNKB] (IRQs 5 9 *10 11)
[    0.432404] ACPI: PCI Interrupt Link [LNKC] (IRQs 5 *9 10 11)
[    0.433424] ACPI: PCI Interrupt Link [LNKD] (IRQs 5 9 10 *11)
[    0.434438] ACPI: Enabled 2 GPEs in block 00 to 07
[    0.435432] vgaarb: setting as boot device: PCI:0000:00:02.0
[    0.436178] vgaarb: device added: PCI:0000:00:02.0,decodes=io+mem,owns=io+mem,locks=none
[    0.437427] vgaarb: loaded
[    0.437858] vgaarb: bridge control possible 0000:00:02.0
[    0.438835] SCSI subsystem initialized
[    0.439658] ACPI: bus type USB registered
[    0.440276] usbcore: registered new interface driver usbfs
[    0.441030] usbcore: registered new interface driver hub
[    0.441711] usbcore: registered new device driver usb
[    0.442682] PCI: Using ACPI for IRQ routing
[    0.443500] NetLabel: Initializing
[    0.444200] NetLabel:  domain hash size = 128
[    0.444767] NetLabel:  protocols = UNLABELED CIPSOv4
[    0.445507] NetLabel:  unlabeled traffic allowed by default
[    0.446452] amd_nb: Cannot enumerate AMD northbridges
[    0.447244] clocksource: Switched to clocksource kvm-clock
[    0.457083] AppArmor: AppArmor Filesystem Enabled
[    0.457822] pnp: PnP ACPI init
[    0.458864] pnp: PnP ACPI: found 3 devices
[    0.467466] clocksource: acpi_pm: mask: 0xffffff max_cycles: 0xffffff, max_idle_ns: 2085701024 ns
[    0.468869] NET: Registered protocol family 2
[    0.469726] TCP established hash table entries: 8192 (order: 4, 65536 bytes)
[    0.470693] TCP bind hash table entries: 8192 (order: 5, 131072 bytes)
[    0.471593] TCP: Hash tables configured (established 8192 bind 8192)
[    0.472484] UDP hash table entries: 512 (order: 2, 16384 bytes)
[    0.473300] UDP-Lite hash table entries: 512 (order: 2, 16384 bytes)
[    0.474312] NET: Registered protocol family 1
[    0.474968] pci 0000:00:00.0: Limiting direct PCI/PCI transfers
[    0.475810] pci 0000:00:01.0: Activating ISA DMA hang workarounds
[    0.479406] Unpacking initramfs...
[    0.677164] Freeing initrd memory: 14888K
[    0.677975] clocksource: tsc: mask: 0xffffffffffffffff max_cycles: 0x22df1149949, max_idle_ns: 440795312789 ns
[    0.679796] platform rtc_cmos: registered platform RTC device (no PNP device found)
[    0.680924] Scanning for low memory corruption every 60 seconds
[    0.682190] audit: initializing netlink subsys (disabled)
[    0.682964] audit: type=2000 audit(1716203754.304:1): initialized
[    0.683969] Initialise system trusted keyring
[    0.684872] HugeTLB registered 2 MB page size, pre-allocated 0 pages
[    0.686623] zbud: loaded
[    0.687481] VFS: Disk quotas dquot_6.6.0
[    0.688106] VFS: Dquot-cache hash table entries: 512 (order 0, 4096 bytes)
[    0.689178] squashfs: version 4.0 (2009/01/31) Phillip Lougher
[    0.692778] fuse init (API version 7.23)
[    0.693611] Key type big_key registered
[    0.694199] Allocating IMA MOK and blacklist keyrings.
[    0.695580] Key type asymmetric registered
[    0.696206] Asymmetric key parser 'x509' registered
[    0.696912] Block layer SCSI generic (bsg) driver version 0.4 loaded (major 249)
[    0.698122] io scheduler noop registered
[    0.698704] io scheduler deadline registered (default)
[    0.699432] io scheduler cfq registered
[    0.700164] pci_hotplug: PCI Hot Plug PCI Core version: 0.5
[    0.700927] pciehp: PCI Express Hot Plug Controller Driver version: 0.4
[    0.701909] ACPI: AC Adapter [AC] (on-line)
[    0.702580] input: Power Button as /devices/LNXSYSTM:00/LNXPWRBN:00/input/input0
[    0.703678] ACPI: Power Button [PWRF]
[    0.704318] input: Sleep Button as /devices/LNXSYSTM:00/LNXSLPBN:00/input/input1
[    0.705421] ACPI: Sleep Button [SLPF]
[    0.706135] GHES: HEST is not enabled!
[    0.706626] ACPI: Battery Slot [BAT0] (battery present)
[    0.707652] Serial: 8250/16550 driver, 32 ports, IRQ sharing enabled
[    0.728872] 00:02: ttyS0 at I/O 0x3f8 (irq = 4, base_baud = 115200) is a 16550A
[    0.732603] Linux agpgart interface v0.103
[    0.734507] loop: module loaded
[    0.735579] scsi host0: ata_piix
[    0.736244] scsi host1: ata_piix
[    0.736818] ata1: PATA max UDMA/33 cmd 0x1f0 ctl 0x3f6 bmdma 0xd000 irq 14
[    0.737765] ata2: PATA max UDMA/33 cmd 0x170 ctl 0x376 bmdma 0xd008 irq 15
[    0.738932] libphy: Fixed MDIO Bus: probed
[    0.739595] tun: Universal TUN/TAP device driver, 1.6
[    0.740331] tun: (C) 1999-2004 Max Krasnyansky <maxk@qualcomm.com>
[    0.741294] PPP generic driver version 2.4.2
[    0.742020] ehci_hcd: USB 2.0 'Enhanced' Host Controller (EHCI) Driver
[    0.743076] ehci-pci: EHCI PCI platform driver
[    0.743774] ehci-platform: EHCI generic platform driver
[    0.744496] ohci_hcd: USB 1.1 'Open' Host Controller (OHCI) Driver
[    0.745329] ohci-pci: OHCI PCI platform driver
[    0.746007] ohci-platform: OHCI generic platform driver
[    0.746747] uhci_hcd: USB Universal Host Controller Interface driver
[    0.747688] i8042: PNP: PS/2 Controller [PNP0303:PS2K,PNP0f03:PS2M] at 0x60,0x64 irq 1,12
[    0.749269] serio: i8042 KBD port at 0x60,0x64 irq 1
[    0.750078] serio: i8042 AUX port at 0x60,0x64 irq 12
[    0.750986] mousedev: PS/2 mouse device common for all mice
[    0.752059] input: AT Translated Set 2 keyboard as /devices/platform/i8042/serio0/input/input2
[    0.753596] rtc_cmos rtc_cmos: rtc core: registered rtc_cmos as rtc0
[    0.754491] rtc_cmos rtc_cmos: alarms up to one day, 114 bytes nvram
[    0.755392] i2c /dev entries driver
[    0.755986] device-mapper: uevent: version 1.0.3
[    0.756806] device-mapper: ioctl: 4.34.0-ioctl (2015-10-28) initialised: dm-devel@redhat.com
[    0.758009] ledtrig-cpu: registered to indicate activity on CPUs
[    0.759087] NET: Registered protocol family 10
[    0.759919] NET: Registered protocol family 17
[    0.760602] Key type dns_resolver registered
[    0.761484] registered taskstats version 1
[    0.762144] Loading compiled-in X.509 certificates
[    0.763277] Loaded X.509 cert 'Build time autogenerated kernel key: cf00e047681d67edb2720680708b7d9498083038'
[    0.764770] zswap: loaded using pool lzo/zbud
[    0.766810] Key type trusted registered
[    0.769469] Key type encrypted registered
[    0.770102] AppArmor: AppArmor sha1 policy hashing enabled
[    0.770981] ima: No TPM chip found, activating TPM-bypass!
[    0.771780] ima: Allocated hash algorithm: sha1
[    0.772461] evm: HMAC attrs: 0x1
[    0.773209]   Magic number: 8:382:277
[    0.773812] tty tty14: hash matches
[    0.774439] rtc_cmos rtc_cmos: setting system clock to 2024-05-20 11:15:49 UTC (1716203749)
[    0.775851] BIOS EDD facility v0.16 2004-Jun-25, 0 devices found
[    0.776685] EDD information not available.
[    0.917544] Freeing unused kernel memory: 1492K
[    0.918443] Write protecting the kernel read-only data: 14336k
[    0.919933] Freeing unused kernel memory: 1584K
[    0.920747] Freeing unused kernel memory: 52K
Loading, please wait...
starting version 229
[    0.932282] random: systemd-udevd: uninitialized urandom read (16 bytes read, 3 bits of entropy available)
[    0.932686] random: udevadm: uninitialized urandom read (16 bytes read, 3 bits of entropy available)
[    0.932700] random: udevadm: uninitialized urandom read (16 bytes read, 3 bits of entropy available)
[    0.936313] random: systemd-udevd: uninitialized urandom read (16 bytes read, 3 bits of entropy available)
[    0.937677] random: systemd-udevd: uninitialized urandom read (16 bytes read, 3 bits of entropy available)
[    0.938228] random: udevadm: uninitialized urandom read (16 bytes read, 3 bits of entropy available)
[    0.938264] random: udevadm: uninitialized urandom read (16 bytes read, 3 bits of entropy available)
[    0.938358] random: udevadm: uninitialized urandom read (16 bytes read, 3 bits of entropy available)
[    0.938392] random: udevadm: uninitialized urandom read (16 bytes read, 3 bits of entropy available)
[    0.938427] random: udevadm: uninitialized urandom read (16 bytes read, 3 bits of entropy available)
[    0.966468] e1000: Intel(R) PRO/1000 Network Driver - version 7.3.21-k8-NAPI
[    0.967610] e1000: Copyright (c) 1999-2006 Intel Corporation.
[    0.968584] Fusion MPT base driver 3.04.20
[    0.969310] Copyright (c) 1999-2008 LSI Corporation
[    0.972886] Fusion MPT SPI Host driver 3.04.20
[    0.984940] AVX2 version of gcm_enc/dec engaged.
[    0.985683] AES CTR mode by8 optimization enabled
[    1.175888] input: ImExPS/2 Generic Explorer Mouse as /devices/platform/i8042/serio1/input/input4
[    1.302076] e1000 0000:00:03.0 eth0: (PCI:33MHz:32-bit) 02:be:82:6b:cc:1d
[    1.303218] e1000 0000:00:03.0 eth0: Intel(R) PRO/1000 Network Connection
[    1.305254] e1000 0000:00:03.0 enp0s3: renamed from eth0
[    1.306041] mptbase: ioc0: Initiating bringup
[    1.376493] ioc0: LSI53C1030 A0: Capabilities={Initiator}
[    1.545274] scsi host2: ioc0: LSI53C1030 A0, FwRev=00000000h, Ports=1, MaxQ=256, IRQ=20
[    1.664713] scsi 2:0:0:0: Direct-Access     VBOX     HARDDISK         1.0  PQ: 0 ANSI: 5
[    1.667512] scsi target2:0:0: Beginning Domain Validation
[    1.670296] scsi target2:0:0: Domain Validation skipping write tests
[    1.671086] scsi target2:0:0: Ending Domain Validation
[    1.672003] scsi target2:0:0: asynchronous
[    1.673627] scsi 2:0:1:0: Direct-Access     VBOX     HARDDISK         1.0  PQ: 0 ANSI: 5
[    1.674841] scsi target2:0:1: Beginning Domain Validation
[    1.678008] scsi target2:0:1: Domain Validation skipping write tests
[    1.678954] scsi target2:0:1: Ending Domain Validation
[    1.679769] scsi target2:0:1: asynchronous
[    1.693103] sd 2:0:0:0: [sda] 83886080 512-byte logical blocks: (42.9 GB/40.0 GiB)
[    1.693256] sd 2:0:0:0: Attached scsi generic sg0 type 0
[    1.695315] sd 2:0:1:0: [sdb] 20480 512-byte logical blocks: (10.5 MB/10.0 MiB)
[    1.695487] sd 2:0:1:0: Attached scsi generic sg1 type 0
[    1.697318] sd 2:0:0:0: [sda] Write Protect is off
[    1.698269] sd 2:0:1:0: [sdb] Write Protect is off
[    1.698994] sd 2:0:0:0: [sda] Incomplete mode parameter data
[    1.699841] sd 2:0:0:0: [sda] Assuming drive cache: write through
[    1.700797] sd 2:0:1:0: [sdb] Incomplete mode parameter data
[    1.701594] sd 2:0:1:0: [sdb] Assuming drive cache: write through
[    1.704508]  sda: sda1
[    1.705582] sd 2:0:0:0: [sda] Attached SCSI disk
[    1.706899] sd 2:0:1:0: [sdb] Attached SCSI disk
Begin: Loading essential drivers ... [    2.920494] md: linear personality registered for level -1
[    2.923025] md: multipath personality registered for level -4
[    2.925991] md: raid0 personality registered for level 0
[    2.930054] md: raid1 personality registered for level 1
[    2.999398] raid6: sse2x1   gen() 14697 MB/s
[    3.067373] raid6: sse2x1   xor() 10786 MB/s
[    3.135397] raid6: sse2x2   gen() 21493 MB/s
[    3.203377] raid6: sse2x2   xor() 14969 MB/s
[    3.271386] raid6: sse2x4   gen() 23012 MB/s
[    3.339266] raid6: sse2x4   xor() 14344 MB/s
[    3.407385] raid6: avx2x1   gen() 27185 MB/s
[    3.475385] raid6: avx2x2   gen() 38820 MB/s
[    3.543321] raid6: avx2x4   gen() 39536 MB/s
[    3.544136] raid6: using algorithm avx2x4 gen() 39536 MB/s
[    3.544991] raid6: using avx2x2 recovery algorithm
[    3.546828] xor: automatically using best checksumming function:
[    3.588067]    avx       : 34324.000 MB/sec
[    3.589585] async_tx: api initialized (async)
[    3.596080] md: raid6 personality registered for level 6
[    3.596972] md: raid5 personality registered for level 5
[    3.597749] md: raid4 personality registered for level 4
[    3.602846] md: raid10 personality registered for level 10
done.
Begin: Running /scripts/init-premount ... done.
Begin: Mounting root file system ... Begin: Running /scripts/local-top ... done.
Begin: Running /scripts/local-premount ... [    3.625234] Btrfs loaded
Scanning for Btrfs filesystems
done.
Warning: fsck not present, so skipping root file system
[    3.646570] EXT4-fs (sda1): mounted filesystem with ordered data mode. Opts: (null)
done.
Begin: Running /scripts/local-bottom ... done.
Begin: Running /scripts/init-bottom ... done.
[    3.704363] systemd[1]: systemd 229 running in system mode. (+PAM +AUDIT +SELINUX +IMA +APPARMOR +SMACK +SYSVINIT +UTMP +LIBCRYPTSETUP +GCRYPT +GNUTLS +ACL +XZ -LZ4 +SECCOMP +BLKID +ELFUTILS +KMOD -IDN)
[    3.706754] systemd[1]: Detected virtualization oracle.
[    3.707503] systemd[1]: Detected architecture x86-64.

Welcome to [1mUbuntu 16.04.7 LTS[0m!

[    3.710001] systemd[1]: Set hostname to <ubuntu>.
[    3.712335] systemd[1]: Initializing machine ID from random generator.
[    3.713229] systemd[1]: Installed transient /etc/machine-id file.
[    3.793802] systemd[1]: Listening on /dev/initctl Compatibility Named Pipe.
[[0;32m  OK  [0m] Listening on /dev/initctl Compatibility Named Pipe.
[    3.795662] systemd[1]: Reached target Encrypted Volumes.
[[0;32m  OK  [0m] Reached target Encrypted Volumes.
[    3.797259] systemd[1]: Created slice User and Session Slice.
[[0;32m  OK  [0m] Created slice User and Session Slice.
[    3.799044] systemd[1]: Created slice System Slice.
[[0;32m  OK  [0m] Created slice System Slice.
[    3.800344] systemd[1]: Listening on Journal Socket.
[[0;32m  OK  [0m] Listening on Journal Socket.
[    3.815499] systemd[1]: Starting Set console keymap...
         Starting Set console keymap...
[    3.817843] systemd[1]: Starting Nameserver information manager...
         Starting Nameserver information manager...
[    3.819645] systemd[1]: Listening on LVM2 poll daemon socket.
[[0;32m  OK  [0m] Listening on LVM2 poll daemon socket.
[    3.821265] systemd[1]: Reached target Slices.
[[0;32m  OK  [0m] Reached target Slices.
[    3.822932] systemd[1]: Starting Create list of required static device nodes for the current kernel...
         Starting Create list of required st... nodes for the current kernel...
[    3.826193] systemd[1]: Starting Load Kernel Modules...
         Starting Load Kernel Modules...
[    3.827603] systemd[1]: Started Trigger resolvconf update for networkd DNS.
[[0;32m  OK  [0m] Started Trigger resolvconf update for networkd DNS.
[    3.832774] systemd[1]: Listening on Journal Audit Socket.
[[0;32m  OK  [0m] Listening on Journal Audit Socket.
[    3.834569] systemd[1]: Created slice system-serial\x2dgetty.slice.
[[0;32m  OK  [0m] Created slice system-serial\x2dgetty.slice.
[    3.838073] Loading iSCSI transport class v2.0-870.
[    3.839375] systemd[1]: Mounting Huge Pages File System...
         Mounting Huge Pages File System...
[    3.841367] systemd[1]: Mounting Debug File System...
         Mounting Debug File System...
[    3.842682] systemd[1]: Reached target Swap.
[[0;32m  OK  [0m] Reached target Swap.
[    3.844580] systemd[1]: Listening on LVM2 metadata daemon socket.
[[0;32m  OK  [0m] Listening on LVM2 metadata daemon socket.
[    3.846131] systemd[1]: Listening on Journal Socket (/dev/log).
[[0;32m  OK  [0m] Listening on Journal Socket (/dev/log).
[    3.851932] iscsi: registered transport (tcp)
[    3.855970] systemd[1]: Listening on Syslog Socket.
[[0;32m  OK  [0m] Listening on Syslog Socket.
[    3.857723] systemd[1]: Mounting POSIX Message Queue File System...
         Mounting POSIX Message Queue File System...
[    3.859187] systemd[1]: Listening on Device-mapper event daemon FIFOs.
[[0;32m  OK  [0m] Listening on Device-mapper event daemon FIFOs.
[    3.860830] systemd[1]: Reached target System Time Synchronized.
[[0;32m  OK  [0m] Reached target System Time Synchronized.
[    3.862511] systemd[1]: Started Forward Password Requests to Wall Directory Watch.
[[0;32m  OK  [0m] Started Forward Password Requests to Wall Directory Watch.
[    3.864641] systemd[1]: Reached target User and Group Name Lookups.
[[0;32m  OK  [0m] Reached target User and Group Name Lookups.
[    3.866941] systemd[1]: Starting Journal Service...
         Starting Journal Service...
[    3.868152] systemd[1]: Listening on fsck to fsckd communication Socket.
[[0;32m  OK  [0m] Listening on fsck to fsckd communication Socket.
[    3.870780] systemd[1]: Starting File System Check on Root Device...
         Starting File System Check on Root Device...
[    3.875809] systemd[1]: Starting Monitoring of LVM2 mirrors, snapshots etc. using dmeventd or progress polling...
         Starting Monitoring of LVM2 mirrors... dmeventd or progress polling...
[    3.878324] systemd[1]: Listening on udev Kernel Socket.
[[0;32m  OK  [0m] Listening on udev Kernel Socket.
[    3.881090] systemd[1]: Listening on udev Control Socket.
[[0;32m  OK  [0m] Listening on udev Control Socket.
[    3.883155] systemd[1]: Starting Uncomplicated firewall...
         Starting Uncomplicated firewall...
[    3.884756] systemd[1]: Set up automount Arbitrary Executable File Formats File System Automount Point.
[[0;32m  OK  [0m] Set up automount Arbitrary Executab...ats File System Automount Point.
[    3.890076] systemd[1]: Mounted Huge Pages File System.
[[0;32m  OK  [0m] Mounted Huge Pages File System.
[    3.891515] systemd[1]: Mounted POSIX Message Queue File System.
[[0;32m  OK  [0m] Mounted POSIX Message Queue File System.
[    3.893080] systemd[1]: Mounted Debug File System.
[    3.893969] iscsi: registered transport (iser)
[[0;32m  OK  [0m] Mounted Debug File System.
[    3.895014] systemd[1]: Started Journal Service.
[[0;32m  OK  [0m] Started Journal Service.
[[0;32m  OK  [0m] Started Set console keymap.
[[0;32m  OK  [0m] Started Create list of required sta...ce nodes for the current kernel.
[[0;32m  OK  [0m] Started Load Kernel Modules.
[[0;32m  OK  [0m] Started File System Check on Root Device.
[[0;32m  OK  [0m] Started Uncomplicated firewall.
[[0;32m  OK  [0m] Started Nameserver information manager.
[[0;32m  OK  [0m] Started LVM2 metadata daemon.
[[0;32m  OK  [0m] Started File System Check Daemon to report status.
         Starting Remount Root and Kernel File Systems...
         Mounting FUSE Control File System...
         Starting Apply Kernel Variables...
         Starting Create Static Device Nodes in /dev...
[[0;32m  OK  [0m] Mounted FUSE Control File System.
[    3.923301] EXT4-fs (sda1): re-mounted. Opts: (null)
[[0;32m  OK  [0m] Started Remount Root and Kernel File Systems.
         Starting udev Coldplug all Devices...
         Starting Flush Journal to Persistent Storage...
         Starting Load/Save Random Seed...
[[0;32m  OK  [0m] Started Apply Kernel Variables.
[[0;32m  OK  [0m] Started Load/Save Random Seed.
[[0;32m  OK  [0m] Started Flush Journal to Persistent Storage.
[[0;32m  OK  [0m] Started Create Static Device Nodes in /dev.
         Starting udev Kernel Device Manager...
[[0;32m  OK  [0m] Started udev Coldplug all Devices.
[[0;32m  OK  [0m] Started udev Kernel Device Manager.
[[0;32m  OK  [0m] Started Dispatch Password Requests to Console Directory Watch.
[[0;32m  OK  [0m] Found device /dev/ttyS0.
[[0;32m  OK  [0m] Listening on Load/Save RF Kill Switch Status /dev/rfkill Watch.
[[0;32m  OK  [0m] Started Monitoring of LVM2 mirrors,...ng dmeventd or progress polling.
[[0;32m  OK  [0m] Reached target Local File Systems (Pre).
[[0;32m  OK  [0m] Reached target Local File Systems.
         Starting LSB: AppArmor initialization...
         Starting Tell Plymouth To Write Out Runtime Data...
         Starting Create Volatile Files and Directories...
         Starting Initial cloud-init job (pre-networking)...
         Starting Set console font and keymap...
         Starting Commit a transient machine-id on disk...
[[0;32m  OK  [0m] Started Tell Plymouth To Write Out Runtime Data.
[[0;32m  OK  [0m] Started Create Volatile Files and Directories.
         Starting Update UTMP about System Boot/Shutdown...
[[0;32m  OK  [0m] Started Update UTMP about System Boot/Shutdown.
[[0;32m  OK  [0m] Started Commit a transient machine-id on disk.
[[0;32m  OK  [0m] Started Set console font and keymap.
[[0;32m  OK  [0m] Created slice system-getty.slice.
[[0;32m  OK  [0m] Started LSB: AppArmor initialization.
         Starting Load AppArmor profiles managed internally by snapd...
[[0;32m  OK  [0m] Started Load AppArmor profiles managed internally by snapd.
[    5.033835] cloud-init[621]: Cloud-init v. 21.1-19-gbad84ad4-0ubuntu1~16.04.2 running 'init-local' at Mon, 20 May 2024 11:15:53 +0000. Up 4.85 seconds.
[[0;32m  OK  [0m] Started Initial cloud-init job (pre-networking).
[[0;32m  OK  [0m] Reached target Network (Pre).
         Starting Raise network interfaces...
[[0;32m  OK  [0m] Started Raise network interfaces.
         Starting Initial cloud-init job (metadata service crawler)...
[[0;32m  OK  [0m] Reached target Network.
[    5.708131] cloud-init[949]: Cloud-init v. 21.1-19-gbad84ad4-0ubuntu1~16.04.2 running 'init' at Mon, 20 May 2024 11:15:54 +0000. Up 5.37 seconds.
[    5.709190] cloud-init[949]: ci-info: ++++++++++++++++++++++++++++++++++++++Net device info++++++++++++++++++++++++++++++++++++++
[    5.710237] cloud-init[949]: ci-info: +--------+------+----------------------------+---------------+--------+-------------------+
[    5.711465] cloud-init[949]: ci-info: | Device |  Up  |          Address           |      Mask     | Scope  |     Hw-Address    |
[    5.712533] cloud-init[949]: ci-info: +--------+------+----------------------------+---------------+--------+-------------------+
[    5.713614] cloud-init[949]: ci-info: | enp0s3 | True |         10.0.2.15          | 255.255.255.0 | global | 02:be:82:6b:cc:1d |
[    5.714831] cloud-init[949]: ci-info: | enp0s3 | True | fe80::be:82ff:fe6b:cc1d/64 |       .       |  link  | 02:be:82:6b:cc:1d |
[    5.715945] cloud-init[949]: ci-info: |   lo   | True |         127.0.0.1          |   255.0.0.0   |  host  |         .         |
[    5.716996] cloud-init[949]: ci-info: |   lo   | True |          ::1/128           |       .       |  host  |         .         |
[    5.718106] cloud-init[949]: ci-info: +--------+------+----------------------------+---------------+--------+-------------------+
[    5.719213] cloud-init[949]: ci-info: +++++++++++++++++++++++++++Route IPv4 info++++++++++++++++++++++++++++
[    5.720198] cloud-init[949]: ci-info: +-------+-------------+----------+---------------+-----------+-------+
[    5.721099] cloud-init[949]: ci-info: | Route | Destination | Gateway  |    Genmask    | Interface | Flags |
[    5.722039] cloud-init[949]: ci-info: +-------+-------------+----------+---------------+-----------+-------+
[    5.722984] cloud-init[949]: ci-info: |   0   |   0.0.0.0   | 10.0.2.2 |    0.0.0.0    |   enp0s3  |   UG  |
[    5.723867] cloud-init[949]: ci-info: |   1   |   10.0.2.0  | 0.0.0.0  | 255.255.255.0 |   enp0s3  |   U   |
[    5.724900] cloud-init[949]: ci-info: +-------+-------------+----------+---------------+-----------+-------+
[    5.725972] cloud-init[949]: ci-info: +++++++++++++++++++Route IPv6 info+++++++++++++++++++
[    5.726789] cloud-init[949]: ci-info: +-------+-------------+---------+-----------+-------+
[    5.727610] cloud-init[949]: ci-info: | Route | Destination | Gateway | Interface | Flags |
[    5.728476] cloud-init[949]: ci-info: +-------+-------------+---------+-----------+-------+
[    5.729362] cloud-init[949]: ci-info: |   0   |  fe80::/64  |    ::   |   enp0s3  |   U   |
[    5.730173] cloud-init[949]: ci-info: |   3   |   ff00::/8  |    ::   |   enp0s3  |   U   |
[    5.731122] cloud-init[949]: ci-info: +-------+-------------+---------+-----------+-------+
[    5.731980] cloud-init[949]: Generating public/private rsa key pair.
[    5.732706] cloud-init[949]: Your identification has been saved in /etc/ssh/ssh_host_rsa_key.
[    5.736332] cloud-init[949]: Your public key has been saved in /etc/ssh/ssh_host_rsa_key.pub.
[    5.737278] cloud-init[949]: The key fingerprint is:
[    5.744324] cloud-init[949]: SHA256:rqv6kysFVi2tAqHHyUa4z3RJn0oD/M1XnyOxhoBucs8 root@ubuntu-xenial
[    5.745345] cloud-init[949]: The key's randomart image is:
[    5.746006] cloud-init[949]: +---[RSA 2048]----+
[    5.746823] cloud-init[949]: |.+.  +           |
[    5.747426] cloud-init[949]: |++o.= +   o      |
[    5.747983] cloud-init[949]: |.o** B o o + .   |
[    5.748496] cloud-init[949]: |.o* @ = o + +    |
[    5.749173] cloud-init[949]: | = O = .S. . .   |
[    5.749737] cloud-init[949]: |  o o E.         |
[    5.750336] cloud-init[949]: |   . .  .        |
[    5.750899] cloud-init[949]: |  . o  .         |
[    5.751447] cloud-init[949]: |  .+++o.         |
[    5.751998] cloud-init[949]: +----[SHA256]-----+
[    5.752673] cloud-init[949]: Generating public/private dsa key pair.
[    5.753376] cloud-init[949]: Your identification has been saved in /etc/ssh/ssh_host_dsa_key.
[    5.754325] cloud-init[949]: Your public key has been saved in /etc/ssh/ssh_host_dsa_key.pub.
[    5.755179] cloud-init[949]: The key fingerprint is:
[    5.755768] cloud-init[949]: SHA256:0NjDUtrw3UmDmu0xz0Md1SkWKrnUufjJ9fLPUW+9SlQ root@ubuntu-xenial
[    5.756718] cloud-init[949]: The key's randomart image is:
[    5.757464] cloud-init[949]: +---[DSA 1024]----+
[    5.758061] cloud-init[949]: |      . .  .o...+|
[    5.758594] cloud-init[949]: |       @ .+oo=...|
[    5.759240] cloud-init[949]: |      = BB.++..E |
[    5.759823] cloud-init[949]: |       o+.B o o  |
[    5.760379] cloud-init[949]: |        S+ B o  .|
[    5.761074] cloud-init[949]: |          + B . +|
[    5.768550] cloud-init[949]: |           + + o+|
[[0;32m  OK  [0m] Started Initial cloud-init job (metadata service crawler).
[[    5.768685] cloud-init[949]: |            . ooo|
[    5.769711] cloud-init[949]: |             ..o+|
[    5.769997] cloud-init[949]: +----[SHA256]-----+
[    5.770295] cloud-init[949]: Generating public/private ecdsa key pair.
[    5.770586] cloud-init[949]: Your identification has been saved in /etc/ssh/ssh_host_ecdsa_key.
[    5.770882] cloud-init[949]: Your public key has been saved in /etc/ssh/ssh_host_ecdsa_key.pub.
[    5.771196] cloud-init[949]: The key fingerprint is:
[    5.771482] cloud-init[949]: SHA256:i06dxti1+QndBXnJi9s5tWzFbNuYsU5eJ1yygvnTRCs root@ubuntu-xenial
[    5.771773] cloud-init[949]: The key's randomart image is:
[    5.772179] cloud-init[949]: +---[ECDSA 256]---+
[    5.772471] cloud-init[949]: |                 |
[    5.772765] cloud-init[949]: |              ...|
[0;32m  OK  [0m] Reached target Network is Online.
[    5.773070] cloud-init[949]: |              oo.|
[    5.775490] cloud-init[949]: |              o=.|
[    5.776067] cloud-init[949]: |        S .  oooO|
[    5.776614] cloud-init[949]: |       * + *Eo*@B|
[    5.777186] cloud-init[949]: |      + B * o=XO+|
[    5.777749] cloud-init[949]: |     o .   +.*ooo|
[    5.778319] cloud-init[949]: |      .     +.o  |
[    5.778870] cloud-init[949]: +----[SHA256]-----+
[    5.779426] cloud-init[949]: Generating public/private ed25519 key pair.
[    5.788585] cloud-init[949]: Your identification has been saved in /etc/ssh/ssh_host_ed25519_key.
[    5.788738] cloud-init[949]: Your public key has been saved in /etc/ssh/ssh_host_ed25519_key.pub.
[    5.789165] cloud-init[949]: The key fingerprint is:
[    5.789458] cloud-init[949]: SHA256:8x3OhoKZWneqHZWDmsgMVn4VN20yHY+D7qMYZxzGPCc root@ubuntu-xenial
[    5.789751] cloud-init[949]: The key's randomart image is:
[    5.790052] cloud-init[949]: +--[ED25519 256]--+
[    5.790344] cloud-init[949]: |        . oo..   |
[    5.790641] cloud-init[949]: |         ooo+o   |
[    5.790825] cloud-init[949]: |    .   . .+o .  |
[    5.791137] cloud-init[949]: |   o   + o . .   |
[    5.791432] cloud-init[949]: |  o . . E * .    |
[    5.791731] cloud-init[949]: | . + o O X * .   |
[    5.792243] cloud-init[949]: |    + O B * =    |
[    5.792537] cloud-init[949]: |     o B * o     |
[    5.792973] cloud-init[949]: |    . o.+        |
[    5.793237] cloud-init[949]: +----[SHA256]-----+
         Starting iSCSI initiator daemon (iscsid)...
[[0;32m  OK  [0m] Reached target System Initialization.
[[0;32m  OK  [0m] Started Daily apt download activities.
[[0;32m  OK  [0m] Listening on UUID daemon activation socket.
         Starting LXD - unix socket.
[[0;32m  OK  [0m] Started Message of the Day.
[[0;32m  OK  [0m] Listening on D-Bus System Message Bus Socket.
         Starting Socket activation for snappy daemon.
[[0;32m  OK  [0m] Listening on ACPID Listen Socket.
[[0;32m  OK  [0m] Started ACPI Events Check.
[[0;32m  OK  [0m] Reached target Paths.
[[0;32m  OK  [0m] Started Daily Cleanup of Temporary Directories.
[[0;32m  OK  [0m] Started Daily apt upgrade and clean activities.
[[0;32m  OK  [0m] Started Ubuntu Advantage update messaging.
[[0;32m  OK  [0m] Reached target Timers.
[[0;32m  OK  [0m] Reached target Cloud-config availability.
[[0;32m  OK  [0m] Listening on LXD - unix socket.
[[0;32m  OK  [0m] Listening on Socket activation for snappy daemon.
[[0;32m  OK  [0m] Reached target Sockets.
[[0;32m  OK  [0m] Reached target Basic System.
[[0;32m  OK  [0m] Started Regular background program processing daemon.
         Starting LSB: Record successful boot for GRUB...
         Starting System Logging Service...
         Starting Accounts Service...
[[0;32m  OK  [0m] Started D-Bus System Message Bus.
[[0;32m  OK  [0m] Started FUSE filesystem for LXC.
         Starting LSB: MD monitoring daemon...
         Starting /etc/rc.local Compatibility...
[[0;32m  OK  [0m] Started Deferred execution scheduler.
         Starting Snap Daemon...
[[0;32m  OK  [0m] Started ACPI event daemon.
         Starting Login Service...
         Starting Virtualbox guest utils...
         Starting Pollinate to seed the pseudo random number generator...
         Starting LXD - container startup/shutdown...
[[0;32m  OK  [0m] Started System Logging Service.
[[0;32m  OK  [0m] Started iSCSI initiator daemon (iscsid).
[[0;32m  OK  [0m] Started /etc/rc.local Compatibility.
         Starting Authenticate and Authorize Users to Run Privileged Tasks...
         Starting Login to default iSCSI targets...
[[0;32m  OK  [0m] Started Login Service.
[[0;32m  OK  [0m] Started Unattended Upgrades Shutdown.
[[0;32m  OK  [0m] Started LSB: Record successful boot for GRUB.
[[0;32m  OK  [0m] Started Authenticate and Authorize Users to Run Privileged Tasks.
[[0;32m  OK  [0m] Started LSB: MD monitoring daemon.
[[0;32m  OK  [0m] Started Accounts Service.
[[0;32m  OK  [0m] Started Login to default iSCSI targets.
[[0;32m  OK  [0m] Reached target Remote File Systems (Pre).
[[0;32m  OK  [0m] Reached target Remote File Systems.
         Starting LSB: Set the CPU Frequency Scaling governor to "ondemand"...
         Starting LSB: automatic crash report generation...
         Starting LSB: daemon to balance interrupts for SMP systems...
         Starting Permit User Sessions...
[[0;32m  OK  [0m] Started Permit User Sessions.
         Starting Hold until boot process finishes up...
         Starting Terminate Plymouth Boot Screen...
[[0;32m  OK  [0m] Started Hold until boot process finishes up.
[[0;32m  OK  [0m] Started Serial Getty on ttyS0.
[[0;32m  OK  [0m] Started Getty on tty1.
[[0;32m  OK  [0m] Reached target Login Prompts.
         Starting Set console scheme...
[[0;32m  OK  [0m] Started Terminate Plymouth Boot Screen.
[[0;32m  OK  [0m] Started Set console scheme.
[[0;32m  OK  [0m] Started LXD - container startup/shutdown.
[[0;32m  OK  [0m] Started LSB: Set the CPU Frequency Scaling governor to "ondemand".
[[0;32m  OK  [0m] Started LSB: daemon to balance interrupts for SMP systems.
[[0;32m  OK  [0m] Started Virtualbox guest utils.
[[0;32m  OK  [0m] Started LSB: automatic crash report generation.
[[0;32m  OK  [0m] Started Snap Daemon.
         Starting Wait until snapd is fully seeded...
[[0;32m  OK  [0m] Started Pollinate to seed the pseudo random number generator.
         Starting OpenBSD Secure Shell server...
[[0;32m  OK  [0m] Started OpenBSD Secure Shell server.
[[0;32m  OK  [0m] Started Wait until snapd is fully seeded.
         Starting Apply the settings specified in cloud-config...
[[0;32m  OK  [0m] Reached target Multi-User System.
[[0;32m  OK  [0m] Reached target Graphical Interface.
         Starting Update UTMP about System Runlevel Changes...
[[0;32m  OK  [0m] Started Update UTMP about System Runlevel Changes.
[    7.797983] cloud-init[1299]: Generating locales (this might take a while)...
[    8.299377] cloud-init[1299]:   en_US.UTF-8... done
[    8.301240] cloud-init[1299]: Generation complete.
[    8.479927] cloud-init[1299]: Cloud-init v. 21.1-19-gbad84ad4-0ubuntu1~16.04.2 running 'modules:config' at Mon, 20 May 2024 11:15:56 +0000. Up 7.73 seconds.
[[0;32m  OK  [0m] Started Apply the settings specified in cloud-config.
         Starting Execute cloud user/final scripts...
ci-info: no authorized SSH keys fingerprints found for user ubuntu.
<14>May 20 11:15:57 ec2: 
<14>May 20 11:15:57 ec2: #############################################################
<14>May 20 11:15:57 ec2: -----BEGIN SSH HOST KEY FINGERPRINTS-----
<14>May 20 11:15:57 ec2: 1024 SHA256:0NjDUtrw3UmDmu0xz0Md1SkWKrnUufjJ9fLPUW+9SlQ root@ubuntu-xenial (DSA)
<14>May 20 11:15:57 ec2: 256 SHA256:i06dxti1+QndBXnJi9s5tWzFbNuYsU5eJ1yygvnTRCs root@ubuntu-xenial (ECDSA)
<14>May 20 11:15:57 ec2: 256 SHA256:8x3OhoKZWneqHZWDmsgMVn4VN20yHY+D7qMYZxzGPCc root@ubuntu-xenial (ED25519)
<14>May 20 11:15:57 ec2: 2048 SHA256:rqv6kysFVi2tAqHHyUa4z3RJn0oD/M1XnyOxhoBucs8 root@ubuntu-xenial (RSA)
<14>May 20 11:15:57 ec2: -----END SSH HOST KEY FINGERPRINTS-----
<14>May 20 11:15:57 ec2: #############################################################
-----BEGIN SSH HOST KEY KEYS-----
ecdsa-sha2-nistp256 AAAAE2VjZHNhLXNoYTItbmlzdHAyNTYAAAAIbmlzdHAyNTYAAABBBDIIVCR5cYEXWpMMughVfADNhFEg4pidZAfxoRWbEZADt1PZ9hu/o++eJzshfBoti11VGabGd6RB+UUpWZSQRX0= root@ubuntu-xenial
ssh-ed25519 AAAAC3NzaC1lZDI1NTE5AAAAIDrj9ko9WuzP6mtQMFTQtl03WKTSeDv0zbr6pEk/ggYT root@ubuntu-xenial
ssh-rsa AAAAB3NzaC1yc2EAAAADAQABAAABAQDyfn0wxNWOrvkd+42+1Lsqqy0hPD3eM/rmZDtNYsr3We3wF1aGo8vf7y6g650F116746P88RjIjC+uDNkoygwAbxM5z1kZSRBnIuPKhYFt0OkDHmYWhuFlJ0QC5oedPchKV19QFn84usElGVo1C2pSrWQ0ji2YlvwkMJmKsZ0wYdgcYGtW2FpcJPZtli6BcqBroYXSPrMRXPd5hKCZCxhtTY1zoXXeZnxnc2HKXN40HyceSMwwF4fcVLMUGLnbHA8pD1xYRWtMICaK6e+ThNjec5rUv82TV0Xya17992TmzQ5OwLZ/nZh1neKIK6t4uWD/kyMATLcabJmhUVBS1Vx3 root@ubuntu-xenial
-----END SSH HOST KEY KEYS-----
[    8.795360] cloud-init[1341]: Cloud-init v. 21.1-19-gbad84ad4-0ubuntu1~16.04.2 running 'modules:final' at Mon, 20 May 2024 11:15:57 +0000. Up 8.67 seconds.
[    8.797364] cloud-init[1341]: ci-info: no authorized SSH keys fingerprints found for user ubuntu.
[    8.799073] cloud-init[1341]: Cloud-init v. 21.1-19-gbad84ad4-0ubuntu1~16.04.2 finished at Mon, 20 May 2024 11:15:57 +0000. Datasource DataSourceNoCloud [seed=/dev/sdb][dsmode=net].  Up 8.79 seconds
[[0;32m  OK  [0m] Started Execute cloud user/final scripts.
[[0;32m  OK  [0m] Reached target Cloud-init target.

Ubuntu 16.04.7 LTS ubuntu-xenial ttyS0

ubuntu-xenial login: 